[2024-07-17T12:44:45.169+0000] {manager.py:470} INFO - Processing files using up to 1 processes at a time 
[2024-07-17T12:44:45.170+0000] {manager.py:471} INFO - Process each file at most once every 30 seconds
[2024-07-17T12:44:45.170+0000] {manager.py:472} INFO - Checking for new files in /opt/airflow/dags every 300 seconds
[2024-07-17T12:44:45.170+0000] {manager.py:737} INFO - Searching for files in /opt/airflow/dags
[2024-07-17T12:44:45.171+0000] {manager.py:740} INFO - There are 0 files in /opt/airflow/dags
[2024-07-17T12:49:45.340+0000] {manager.py:737} INFO - Searching for files in /opt/airflow/dags
[2024-07-17T12:49:45.353+0000] {manager.py:740} INFO - There are 2 files in /opt/airflow/dags
[2024-07-17T12:49:46.471+0000] {manager.py:878} INFO - 
================================================================================
DAG File Processing Stats

File Path                           PID    Runtime      # DAGs    # Errors  Last Runtime    Last Run
----------------------------------  -----  ---------  --------  ----------  --------------  -------------------
/opt/airflow/dags/welcome_dag.py                             1           0  0.30s           2024-07-17T12:49:46
/opt/airflow/dags/parse_kurs_kz.py                           0           1  0.10s           2024-07-17T12:49:45
================================================================================
[2024-07-17T12:50:16.702+0000] {manager.py:878} INFO - 
================================================================================
DAG File Processing Stats

File Path                           PID    Runtime      # DAGs    # Errors  Last Runtime    Last Run
----------------------------------  -----  ---------  --------  ----------  --------------  -------------------
/opt/airflow/dags/parse_kurs_kz.py                           0           1  0.10s           2024-07-17T12:50:16
/opt/airflow/dags/welcome_dag.py                             1           0  0.10s           2024-07-17T12:50:16
================================================================================
[2024-07-17T12:50:46.739+0000] {manager.py:878} INFO - 
================================================================================
DAG File Processing Stats

File Path                           PID    Runtime      # DAGs    # Errors  Last Runtime    Last Run
----------------------------------  -----  ---------  --------  ----------  --------------  -------------------
/opt/airflow/dags/parse_kurs_kz.py                           0           1  0.10s           2024-07-17T12:50:46
/opt/airflow/dags/welcome_dag.py                             1           0  0.10s           2024-07-17T12:50:16
================================================================================
[2024-07-17T12:51:17.260+0000] {manager.py:878} INFO - 
================================================================================
DAG File Processing Stats

File Path                           PID    Runtime      # DAGs    # Errors  Last Runtime    Last Run
----------------------------------  -----  ---------  --------  ----------  --------------  -------------------
/opt/airflow/dags/parse_kurs_kz.py                           0           1  0.30s           2024-07-17T12:51:17
/opt/airflow/dags/welcome_dag.py                             1           0  0.20s           2024-07-17T12:50:47
================================================================================
[2024-07-17T12:51:47.695+0000] {manager.py:878} INFO - 
================================================================================
DAG File Processing Stats

File Path                           PID    Runtime      # DAGs    # Errors  Last Runtime    Last Run
----------------------------------  -----  ---------  --------  ----------  --------------  -------------------
/opt/airflow/dags/parse_kurs_kz.py                           0           1  0.30s           2024-07-17T12:51:47
/opt/airflow/dags/welcome_dag.py                             1           0  0.11s           2024-07-17T12:51:17
================================================================================
[2024-07-17T12:52:03.806+0000] {manager.py:1128} WARNING - Skipping processing of missing file: /opt/airflow/dags/parse_kurs_kz.py
[2024-07-17T12:52:17.807+0000] {manager.py:878} INFO - 
================================================================================
DAG File Processing Stats

File Path                         PID    Runtime      # DAGs    # Errors  Last Runtime    Last Run
--------------------------------  -----  ---------  --------  ----------  --------------  -------------------
/opt/airflow/dags/welcome_dag.py                           1           0  0.10s           2024-07-17T12:51:48
================================================================================
[2024-07-17T12:52:47.936+0000] {manager.py:878} INFO - 
================================================================================
DAG File Processing Stats

File Path                         PID    Runtime      # DAGs    # Errors  Last Runtime    Last Run
--------------------------------  -----  ---------  --------  ----------  --------------  -------------------
/opt/airflow/dags/welcome_dag.py                           1           0  0.10s           2024-07-17T12:52:19
================================================================================
[2024-07-17T12:53:18.054+0000] {manager.py:878} INFO - 
================================================================================
DAG File Processing Stats

File Path                         PID    Runtime      # DAGs    # Errors  Last Runtime    Last Run
--------------------------------  -----  ---------  --------  ----------  --------------  -------------------
/opt/airflow/dags/welcome_dag.py                           1           0  0.20s           2024-07-17T12:52:49
================================================================================
[2024-07-17T12:53:48.177+0000] {manager.py:878} INFO - 
================================================================================
DAG File Processing Stats

File Path                         PID    Runtime      # DAGs    # Errors  Last Runtime    Last Run
--------------------------------  -----  ---------  --------  ----------  --------------  -------------------
/opt/airflow/dags/welcome_dag.py                           1           0  0.11s           2024-07-17T12:53:20
================================================================================
[2024-07-17T12:54:18.321+0000] {manager.py:878} INFO - 
================================================================================
DAG File Processing Stats

File Path                         PID    Runtime      # DAGs    # Errors  Last Runtime    Last Run
--------------------------------  -----  ---------  --------  ----------  --------------  -------------------
/opt/airflow/dags/welcome_dag.py                           1           0  0.20s           2024-07-17T12:53:50
================================================================================
[2024-07-17T12:54:45.394+0000] {manager.py:737} INFO - Searching for files in /opt/airflow/dags
[2024-07-17T12:54:45.416+0000] {manager.py:740} INFO - There are 2 files in /opt/airflow/dags
[2024-07-17T12:54:48.446+0000] {manager.py:878} INFO - 
================================================================================
DAG File Processing Stats

File Path                          PID    Runtime      # DAGs    # Errors  Last Runtime    Last Run
---------------------------------  -----  ---------  --------  ----------  --------------  -------------------
/opt/airflow/dags/dag_for_kurs.py                           0           1  0.30s           2024-07-17T12:54:45
/opt/airflow/dags/welcome_dag.py                            1           0  0.20s           2024-07-17T12:54:21
================================================================================
[2024-07-17T12:55:18.573+0000] {manager.py:878} INFO - 
================================================================================
DAG File Processing Stats

File Path                          PID    Runtime      # DAGs    # Errors  Last Runtime    Last Run
---------------------------------  -----  ---------  --------  ----------  --------------  -------------------
/opt/airflow/dags/dag_for_kurs.py                           0           1  0.30s           2024-07-17T12:54:50
/opt/airflow/dags/welcome_dag.py                            1           0  0.11s           2024-07-17T12:54:51
================================================================================
[2024-07-17T12:55:48.708+0000] {manager.py:878} INFO - 
================================================================================
DAG File Processing Stats

File Path                          PID    Runtime      # DAGs    # Errors  Last Runtime    Last Run
---------------------------------  -----  ---------  --------  ----------  --------------  -------------------
/opt/airflow/dags/dag_for_kurs.py                           0           1  0.40s           2024-07-17T12:55:21
/opt/airflow/dags/welcome_dag.py                            1           0  0.10s           2024-07-17T12:55:22
================================================================================
[2024-07-17T12:56:18.826+0000] {manager.py:878} INFO - 
================================================================================
DAG File Processing Stats

File Path                          PID    Runtime      # DAGs    # Errors  Last Runtime    Last Run
---------------------------------  -----  ---------  --------  ----------  --------------  -------------------
/opt/airflow/dags/dag_for_kurs.py                           0           1  0.30s           2024-07-17T12:55:51
/opt/airflow/dags/welcome_dag.py                            1           0  0.10s           2024-07-17T12:55:52
================================================================================
[2024-07-17T12:56:48.947+0000] {manager.py:878} INFO - 
================================================================================
DAG File Processing Stats

File Path                          PID    Runtime      # DAGs    # Errors  Last Runtime    Last Run
---------------------------------  -----  ---------  --------  ----------  --------------  -------------------
/opt/airflow/dags/dag_for_kurs.py                           0           1  0.30s           2024-07-17T12:56:21
/opt/airflow/dags/welcome_dag.py                            1           0  0.10s           2024-07-17T12:56:23
================================================================================
[2024-07-17T12:57:19.070+0000] {manager.py:878} INFO - 
================================================================================
DAG File Processing Stats

File Path                          PID    Runtime      # DAGs    # Errors  Last Runtime    Last Run
---------------------------------  -----  ---------  --------  ----------  --------------  -------------------
/opt/airflow/dags/dag_for_kurs.py                           0           1  0.30s           2024-07-17T12:56:52
/opt/airflow/dags/welcome_dag.py                            1           0  0.20s           2024-07-17T12:56:53
================================================================================
[2024-07-17T12:57:49.187+0000] {manager.py:878} INFO - 
================================================================================
DAG File Processing Stats

File Path                          PID    Runtime      # DAGs    # Errors  Last Runtime    Last Run
---------------------------------  -----  ---------  --------  ----------  --------------  -------------------
/opt/airflow/dags/dag_for_kurs.py                           0           1  0.30s           2024-07-17T12:57:22
/opt/airflow/dags/welcome_dag.py                            1           0  0.10s           2024-07-17T12:57:24
================================================================================
[2024-07-17T12:58:19.304+0000] {manager.py:878} INFO - 
================================================================================
DAG File Processing Stats

File Path                          PID    Runtime      # DAGs    # Errors  Last Runtime    Last Run
---------------------------------  -----  ---------  --------  ----------  --------------  -------------------
/opt/airflow/dags/dag_for_kurs.py                           0           1  0.30s           2024-07-17T12:57:53
/opt/airflow/dags/welcome_dag.py                            1           0  0.20s           2024-07-17T12:57:54
================================================================================
[2024-07-17T12:58:49.426+0000] {manager.py:878} INFO - 
================================================================================
DAG File Processing Stats

File Path                          PID    Runtime      # DAGs    # Errors  Last Runtime    Last Run
---------------------------------  -----  ---------  --------  ----------  --------------  -------------------
/opt/airflow/dags/dag_for_kurs.py                           0           1  0.30s           2024-07-17T12:58:23
/opt/airflow/dags/welcome_dag.py                            1           0  0.20s           2024-07-17T12:58:25
================================================================================
[2024-07-17T12:59:19.546+0000] {manager.py:878} INFO - 
================================================================================
DAG File Processing Stats

File Path                          PID    Runtime      # DAGs    # Errors  Last Runtime    Last Run
---------------------------------  -----  ---------  --------  ----------  --------------  -------------------
/opt/airflow/dags/dag_for_kurs.py                           0           1  0.30s           2024-07-17T12:58:54
/opt/airflow/dags/welcome_dag.py                            1           0  0.10s           2024-07-17T12:58:55
================================================================================
[2024-07-17T12:59:46.052+0000] {manager.py:737} INFO - Searching for files in /opt/airflow/dags
[2024-07-17T12:59:46.078+0000] {manager.py:740} INFO - There are 2 files in /opt/airflow/dags
[2024-07-17T12:59:49.636+0000] {manager.py:878} INFO - 
================================================================================
DAG File Processing Stats

File Path                          PID    Runtime      # DAGs    # Errors  Last Runtime    Last Run
---------------------------------  -----  ---------  --------  ----------  --------------  -------------------
/opt/airflow/dags/dag_for_kurs.py                           0           1  0.30s           2024-07-17T12:59:24
/opt/airflow/dags/welcome_dag.py                            1           0  0.10s           2024-07-17T12:59:25
================================================================================
[2024-07-17T13:00:19.759+0000] {manager.py:878} INFO - 
================================================================================
DAG File Processing Stats

File Path                          PID    Runtime      # DAGs    # Errors  Last Runtime    Last Run
---------------------------------  -----  ---------  --------  ----------  --------------  -------------------
/opt/airflow/dags/dag_for_kurs.py                           0           1  0.30s           2024-07-17T12:59:55
/opt/airflow/dags/welcome_dag.py                            1           0  0.20s           2024-07-17T12:59:56
================================================================================
[2024-07-17T13:00:49.881+0000] {manager.py:878} INFO - 
================================================================================
DAG File Processing Stats

File Path                          PID    Runtime      # DAGs    # Errors  Last Runtime    Last Run
---------------------------------  -----  ---------  --------  ----------  --------------  -------------------
/opt/airflow/dags/dag_for_kurs.py                           0           1  0.30s           2024-07-17T13:00:25
/opt/airflow/dags/welcome_dag.py                            1           0  0.11s           2024-07-17T13:00:26
================================================================================
[2024-07-17T13:01:19.984+0000] {manager.py:878} INFO - 
================================================================================
DAG File Processing Stats

File Path                          PID    Runtime      # DAGs    # Errors  Last Runtime    Last Run
---------------------------------  -----  ---------  --------  ----------  --------------  -------------------
/opt/airflow/dags/dag_for_kurs.py                           0           1  0.30s           2024-07-17T13:00:56
/opt/airflow/dags/welcome_dag.py                            1           0  0.11s           2024-07-17T13:00:57
================================================================================
[2024-07-17T13:01:50.108+0000] {manager.py:878} INFO - 
================================================================================
DAG File Processing Stats

File Path                          PID    Runtime      # DAGs    # Errors  Last Runtime    Last Run
---------------------------------  -----  ---------  --------  ----------  --------------  -------------------
/opt/airflow/dags/dag_for_kurs.py                           0           1  0.30s           2024-07-17T13:01:26
/opt/airflow/dags/welcome_dag.py                            1           0  0.20s           2024-07-17T13:01:27
================================================================================
[2024-07-17T13:02:20.192+0000] {manager.py:878} INFO - 
================================================================================
DAG File Processing Stats

File Path                          PID    Runtime      # DAGs    # Errors  Last Runtime    Last Run
---------------------------------  -----  ---------  --------  ----------  --------------  -------------------
/opt/airflow/dags/dag_for_kurs.py                           0           1  0.30s           2024-07-17T13:01:57
/opt/airflow/dags/welcome_dag.py                            1           0  0.20s           2024-07-17T13:01:58
================================================================================
[2024-07-17T13:02:50.315+0000] {manager.py:878} INFO - 
================================================================================
DAG File Processing Stats

File Path                          PID    Runtime      # DAGs    # Errors  Last Runtime    Last Run
---------------------------------  -----  ---------  --------  ----------  --------------  -------------------
/opt/airflow/dags/dag_for_kurs.py                           0           1  0.30s           2024-07-17T13:02:27
/opt/airflow/dags/welcome_dag.py                            1           0  0.10s           2024-07-17T13:02:28
================================================================================
[2024-07-17T13:03:20.432+0000] {manager.py:878} INFO - 
================================================================================
DAG File Processing Stats

File Path                          PID    Runtime      # DAGs    # Errors  Last Runtime    Last Run
---------------------------------  -----  ---------  --------  ----------  --------------  -------------------
/opt/airflow/dags/dag_for_kurs.py                           0           1  0.30s           2024-07-17T13:02:57
/opt/airflow/dags/welcome_dag.py                            1           0  0.20s           2024-07-17T13:02:59
================================================================================
[2024-07-17T13:03:50.519+0000] {manager.py:878} INFO - 
================================================================================
DAG File Processing Stats

File Path                          PID    Runtime      # DAGs    # Errors  Last Runtime    Last Run
---------------------------------  -----  ---------  --------  ----------  --------------  -------------------
/opt/airflow/dags/dag_for_kurs.py                           0           1  0.30s           2024-07-17T13:03:28
/opt/airflow/dags/welcome_dag.py                            1           0  0.20s           2024-07-17T13:03:29
================================================================================
[2024-07-17T13:04:20.639+0000] {manager.py:878} INFO - 
================================================================================
DAG File Processing Stats

File Path                          PID    Runtime      # DAGs    # Errors  Last Runtime    Last Run
---------------------------------  -----  ---------  --------  ----------  --------------  -------------------
/opt/airflow/dags/dag_for_kurs.py                           0           1  0.30s           2024-07-17T13:03:58
/opt/airflow/dags/welcome_dag.py                            1           0  0.20s           2024-07-17T13:04:00
================================================================================
[2024-07-17T13:04:46.400+0000] {manager.py:737} INFO - Searching for files in /opt/airflow/dags
[2024-07-17T13:04:46.425+0000] {manager.py:740} INFO - There are 2 files in /opt/airflow/dags
[2024-07-17T13:04:50.763+0000] {manager.py:878} INFO - 
================================================================================
DAG File Processing Stats

File Path                          PID    Runtime      # DAGs    # Errors  Last Runtime    Last Run
---------------------------------  -----  ---------  --------  ----------  --------------  -------------------
/opt/airflow/dags/dag_for_kurs.py                           0           1  0.30s           2024-07-17T13:04:29
/opt/airflow/dags/welcome_dag.py                            1           0  0.20s           2024-07-17T13:04:30
================================================================================
[2024-07-17T13:05:20.873+0000] {manager.py:878} INFO - 
================================================================================
DAG File Processing Stats

File Path                          PID    Runtime      # DAGs    # Errors  Last Runtime    Last Run
---------------------------------  -----  ---------  --------  ----------  --------------  -------------------
/opt/airflow/dags/dag_for_kurs.py                           0           1  0.30s           2024-07-17T13:04:59
/opt/airflow/dags/welcome_dag.py                            1           0  0.20s           2024-07-17T13:05:01
================================================================================
[2024-07-17T13:05:50.995+0000] {manager.py:878} INFO - 
================================================================================
DAG File Processing Stats

File Path                          PID    Runtime      # DAGs    # Errors  Last Runtime    Last Run
---------------------------------  -----  ---------  --------  ----------  --------------  -------------------
/opt/airflow/dags/dag_for_kurs.py                           0           1  0.30s           2024-07-17T13:05:30
/opt/airflow/dags/welcome_dag.py                            1           0  0.10s           2024-07-17T13:05:31
================================================================================
[2024-07-17T13:06:21.108+0000] {manager.py:878} INFO - 
================================================================================
DAG File Processing Stats

File Path                          PID    Runtime      # DAGs    # Errors  Last Runtime    Last Run
---------------------------------  -----  ---------  --------  ----------  --------------  -------------------
/opt/airflow/dags/dag_for_kurs.py                           0           1  0.30s           2024-07-17T13:06:00
/opt/airflow/dags/welcome_dag.py                            1           0  0.10s           2024-07-17T13:06:01
================================================================================
[2024-07-17T13:06:51.215+0000] {manager.py:878} INFO - 
================================================================================
DAG File Processing Stats

File Path                          PID    Runtime      # DAGs    # Errors  Last Runtime    Last Run
---------------------------------  -----  ---------  --------  ----------  --------------  -------------------
/opt/airflow/dags/dag_for_kurs.py                           0           1  0.30s           2024-07-17T13:06:31
/opt/airflow/dags/welcome_dag.py                            1           0  0.10s           2024-07-17T13:06:32
================================================================================
[2024-07-17T13:07:21.336+0000] {manager.py:878} INFO - 
================================================================================
DAG File Processing Stats

File Path                          PID    Runtime      # DAGs    # Errors  Last Runtime    Last Run
---------------------------------  -----  ---------  --------  ----------  --------------  -------------------
/opt/airflow/dags/dag_for_kurs.py                           0           1  0.30s           2024-07-17T13:07:01
/opt/airflow/dags/welcome_dag.py                            1           0  0.10s           2024-07-17T13:07:02
================================================================================
[2024-07-17T13:07:51.456+0000] {manager.py:878} INFO - 
================================================================================
DAG File Processing Stats

File Path                          PID    Runtime      # DAGs    # Errors  Last Runtime    Last Run
---------------------------------  -----  ---------  --------  ----------  --------------  -------------------
/opt/airflow/dags/dag_for_kurs.py                           0           1  0.30s           2024-07-17T13:07:32
/opt/airflow/dags/welcome_dag.py                            1           0  0.10s           2024-07-17T13:07:33
================================================================================
[2024-07-17T13:08:21.536+0000] {manager.py:878} INFO - 
================================================================================
DAG File Processing Stats

File Path                          PID    Runtime      # DAGs    # Errors  Last Runtime    Last Run
---------------------------------  -----  ---------  --------  ----------  --------------  -------------------
/opt/airflow/dags/dag_for_kurs.py                           0           1  0.30s           2024-07-17T13:08:02
/opt/airflow/dags/welcome_dag.py                            1           0  0.10s           2024-07-17T13:08:03
================================================================================
[2024-07-17T13:08:51.680+0000] {manager.py:878} INFO - 
================================================================================
DAG File Processing Stats

File Path                          PID    Runtime      # DAGs    # Errors  Last Runtime    Last Run
---------------------------------  -----  ---------  --------  ----------  --------------  -------------------
/opt/airflow/dags/dag_for_kurs.py                           0           1  0.30s           2024-07-17T13:08:33
/opt/airflow/dags/welcome_dag.py                            1           0  0.11s           2024-07-17T13:08:33
================================================================================
[2024-07-17T13:09:21.798+0000] {manager.py:878} INFO - 
================================================================================
DAG File Processing Stats

File Path                          PID    Runtime      # DAGs    # Errors  Last Runtime    Last Run
---------------------------------  -----  ---------  --------  ----------  --------------  -------------------
/opt/airflow/dags/dag_for_kurs.py                           0           1  0.30s           2024-07-17T13:09:03
/opt/airflow/dags/welcome_dag.py                            1           0  0.10s           2024-07-17T13:09:04
================================================================================
[2024-07-17T13:09:46.411+0000] {manager.py:737} INFO - Searching for files in /opt/airflow/dags
[2024-07-17T13:09:46.434+0000] {manager.py:740} INFO - There are 2 files in /opt/airflow/dags
[2024-07-17T13:09:51.921+0000] {manager.py:878} INFO - 
================================================================================
DAG File Processing Stats

File Path                          PID    Runtime      # DAGs    # Errors  Last Runtime    Last Run
---------------------------------  -----  ---------  --------  ----------  --------------  -------------------
/opt/airflow/dags/dag_for_kurs.py                           0           1  0.30s           2024-07-17T13:09:33
/opt/airflow/dags/welcome_dag.py                            1           0  0.20s           2024-07-17T13:09:34
================================================================================
[2024-07-17T13:10:22.040+0000] {manager.py:878} INFO - 
================================================================================
DAG File Processing Stats

File Path                          PID    Runtime      # DAGs    # Errors  Last Runtime    Last Run
---------------------------------  -----  ---------  --------  ----------  --------------  -------------------
/opt/airflow/dags/dag_for_kurs.py                           0           1  0.30s           2024-07-17T13:10:04
/opt/airflow/dags/welcome_dag.py                            1           0  0.10s           2024-07-17T13:10:04
================================================================================
[2024-07-17T13:10:52.164+0000] {manager.py:878} INFO - 
================================================================================
DAG File Processing Stats

File Path                          PID    Runtime      # DAGs    # Errors  Last Runtime    Last Run
---------------------------------  -----  ---------  --------  ----------  --------------  -------------------
/opt/airflow/dags/dag_for_kurs.py                           0           1  0.30s           2024-07-17T13:10:34
/opt/airflow/dags/welcome_dag.py                            1           0  0.20s           2024-07-17T13:10:35
================================================================================
[2024-07-17T13:11:22.285+0000] {manager.py:878} INFO - 
================================================================================
DAG File Processing Stats

File Path                          PID    Runtime      # DAGs    # Errors  Last Runtime    Last Run
---------------------------------  -----  ---------  --------  ----------  --------------  -------------------
/opt/airflow/dags/dag_for_kurs.py                           0           1  0.40s           2024-07-17T13:11:05
/opt/airflow/dags/welcome_dag.py                            1           0  0.20s           2024-07-17T13:11:06
================================================================================
[2024-07-17T13:11:52.415+0000] {manager.py:878} INFO - 
================================================================================
DAG File Processing Stats

File Path                          PID    Runtime      # DAGs    # Errors  Last Runtime    Last Run
---------------------------------  -----  ---------  --------  ----------  --------------  -------------------
/opt/airflow/dags/dag_for_kurs.py                           0           1  0.31s           2024-07-17T13:11:35
/opt/airflow/dags/welcome_dag.py                            1           0  0.11s           2024-07-17T13:11:36
================================================================================
