[2024-07-17T12:49:45.407+0000] {processor.py:161} INFO - Started process (PID=88) to work on /opt/airflow/dags/parse_kurs_kz.py
[2024-07-17T12:49:45.408+0000] {processor.py:830} INFO - Processing file /opt/airflow/dags/parse_kurs_kz.py for tasks to queue
[2024-07-17T12:49:45.409+0000] {logging_mixin.py:188} INFO - [2024-07-17T12:49:45.409+0000] {dagbag.py:545} INFO - Filling up the DagBag from /opt/airflow/dags/parse_kurs_kz.py
[2024-07-17T12:49:45.426+0000] {logging_mixin.py:188} INFO - [2024-07-17T12:49:45.423+0000] {dagbag.py:355} ERROR - Failed to import: /opt/airflow/dags/parse_kurs_kz.py
Traceback (most recent call last):
  File "/home/airflow/.local/lib/python3.12/site-packages/airflow/models/dagbag.py", line 351, in parse
    loader.exec_module(new_module)
  File "<frozen importlib._bootstrap_external>", line 995, in exec_module
  File "<frozen importlib._bootstrap>", line 488, in _call_with_frames_removed
  File "/opt/airflow/dags/parse_kurs_kz.py", line 4, in <module>
    from maxmin import parse_kurs_kz
ModuleNotFoundError: No module named 'maxmin'
[2024-07-17T12:49:45.433+0000] {processor.py:842} WARNING - No viable dags retrieved from /opt/airflow/dags/parse_kurs_kz.py
[2024-07-17T12:49:45.454+0000] {processor.py:183} INFO - Processing /opt/airflow/dags/parse_kurs_kz.py took 0.049 seconds
[2024-07-17T12:50:16.077+0000] {processor.py:161} INFO - Started process (PID=90) to work on /opt/airflow/dags/parse_kurs_kz.py
[2024-07-17T12:50:16.078+0000] {processor.py:830} INFO - Processing file /opt/airflow/dags/parse_kurs_kz.py for tasks to queue
[2024-07-17T12:50:16.079+0000] {logging_mixin.py:188} INFO - [2024-07-17T12:50:16.079+0000] {dagbag.py:545} INFO - Filling up the DagBag from /opt/airflow/dags/parse_kurs_kz.py
[2024-07-17T12:50:16.090+0000] {logging_mixin.py:188} INFO - [2024-07-17T12:50:16.088+0000] {dagbag.py:355} ERROR - Failed to import: /opt/airflow/dags/parse_kurs_kz.py
Traceback (most recent call last):
  File "/home/airflow/.local/lib/python3.12/site-packages/airflow/models/dagbag.py", line 351, in parse
    loader.exec_module(new_module)
  File "<frozen importlib._bootstrap_external>", line 995, in exec_module
  File "<frozen importlib._bootstrap>", line 488, in _call_with_frames_removed
  File "/opt/airflow/dags/parse_kurs_kz.py", line 4, in <module>
    from maxmin import parse_kurs_kz
ModuleNotFoundError: No module named 'maxmin'
[2024-07-17T12:50:16.091+0000] {processor.py:842} WARNING - No viable dags retrieved from /opt/airflow/dags/parse_kurs_kz.py
[2024-07-17T12:50:16.121+0000] {processor.py:183} INFO - Processing /opt/airflow/dags/parse_kurs_kz.py took 0.046 seconds
[2024-07-17T12:50:46.647+0000] {processor.py:161} INFO - Started process (PID=92) to work on /opt/airflow/dags/parse_kurs_kz.py
[2024-07-17T12:50:46.648+0000] {processor.py:830} INFO - Processing file /opt/airflow/dags/parse_kurs_kz.py for tasks to queue
[2024-07-17T12:50:46.649+0000] {logging_mixin.py:188} INFO - [2024-07-17T12:50:46.649+0000] {dagbag.py:545} INFO - Filling up the DagBag from /opt/airflow/dags/parse_kurs_kz.py
[2024-07-17T12:50:46.662+0000] {logging_mixin.py:188} INFO - [2024-07-17T12:50:46.659+0000] {dagbag.py:355} ERROR - Failed to import: /opt/airflow/dags/parse_kurs_kz.py
Traceback (most recent call last):
  File "/home/airflow/.local/lib/python3.12/site-packages/airflow/models/dagbag.py", line 351, in parse
    loader.exec_module(new_module)
  File "<frozen importlib._bootstrap_external>", line 995, in exec_module
  File "<frozen importlib._bootstrap>", line 488, in _call_with_frames_removed
  File "/opt/airflow/dags/parse_kurs_kz.py", line 4, in <module>
    from maxmin import parse_kurs_kz
ModuleNotFoundError: No module named 'maxmin'
[2024-07-17T12:50:46.663+0000] {processor.py:842} WARNING - No viable dags retrieved from /opt/airflow/dags/parse_kurs_kz.py
[2024-07-17T12:50:46.686+0000] {processor.py:183} INFO - Processing /opt/airflow/dags/parse_kurs_kz.py took 0.042 seconds
[2024-07-17T12:51:08.397+0000] {processor.py:161} INFO - Started process (PID=94) to work on /opt/airflow/dags/parse_kurs_kz.py
[2024-07-17T12:51:08.398+0000] {processor.py:830} INFO - Processing file /opt/airflow/dags/parse_kurs_kz.py for tasks to queue
[2024-07-17T12:51:08.399+0000] {logging_mixin.py:188} INFO - [2024-07-17T12:51:08.398+0000] {dagbag.py:545} INFO - Filling up the DagBag from /opt/airflow/dags/parse_kurs_kz.py
[2024-07-17T12:51:08.585+0000] {logging_mixin.py:188} INFO - [2024-07-17T12:51:08.582+0000] {dagbag.py:355} ERROR - Failed to import: /opt/airflow/dags/parse_kurs_kz.py
Traceback (most recent call last):
  File "/home/airflow/.local/lib/python3.12/site-packages/airflow/models/dagbag.py", line 351, in parse
    loader.exec_module(new_module)
  File "<frozen importlib._bootstrap_external>", line 995, in exec_module
  File "<frozen importlib._bootstrap>", line 488, in _call_with_frames_removed
  File "/opt/airflow/dags/parse_kurs_kz.py", line 5, in <module>
    from selenium import webdriver
ModuleNotFoundError: No module named 'selenium'
[2024-07-17T12:51:08.586+0000] {processor.py:842} WARNING - No viable dags retrieved from /opt/airflow/dags/parse_kurs_kz.py
[2024-07-17T12:51:08.606+0000] {processor.py:183} INFO - Processing /opt/airflow/dags/parse_kurs_kz.py took 0.212 seconds
[2024-07-17T12:51:16.968+0000] {processor.py:161} INFO - Started process (PID=96) to work on /opt/airflow/dags/parse_kurs_kz.py
[2024-07-17T12:51:16.968+0000] {processor.py:830} INFO - Processing file /opt/airflow/dags/parse_kurs_kz.py for tasks to queue
[2024-07-17T12:51:16.969+0000] {logging_mixin.py:188} INFO - [2024-07-17T12:51:16.969+0000] {dagbag.py:545} INFO - Filling up the DagBag from /opt/airflow/dags/parse_kurs_kz.py
[2024-07-17T12:51:17.166+0000] {logging_mixin.py:188} INFO - [2024-07-17T12:51:17.163+0000] {dagbag.py:355} ERROR - Failed to import: /opt/airflow/dags/parse_kurs_kz.py
Traceback (most recent call last):
  File "/home/airflow/.local/lib/python3.12/site-packages/airflow/models/dagbag.py", line 351, in parse
    loader.exec_module(new_module)
  File "<frozen importlib._bootstrap_external>", line 995, in exec_module
  File "<frozen importlib._bootstrap>", line 488, in _call_with_frames_removed
  File "/opt/airflow/dags/parse_kurs_kz.py", line 5, in <module>
    from selenium import webdriver
ModuleNotFoundError: No module named 'selenium'
[2024-07-17T12:51:17.167+0000] {processor.py:842} WARNING - No viable dags retrieved from /opt/airflow/dags/parse_kurs_kz.py
[2024-07-17T12:51:17.192+0000] {processor.py:183} INFO - Processing /opt/airflow/dags/parse_kurs_kz.py took 0.227 seconds
[2024-07-17T12:51:47.408+0000] {processor.py:161} INFO - Started process (PID=99) to work on /opt/airflow/dags/parse_kurs_kz.py
[2024-07-17T12:51:47.408+0000] {processor.py:830} INFO - Processing file /opt/airflow/dags/parse_kurs_kz.py for tasks to queue
[2024-07-17T12:51:47.410+0000] {logging_mixin.py:188} INFO - [2024-07-17T12:51:47.410+0000] {dagbag.py:545} INFO - Filling up the DagBag from /opt/airflow/dags/parse_kurs_kz.py
[2024-07-17T12:51:47.614+0000] {logging_mixin.py:188} INFO - [2024-07-17T12:51:47.611+0000] {dagbag.py:355} ERROR - Failed to import: /opt/airflow/dags/parse_kurs_kz.py
Traceback (most recent call last):
  File "/home/airflow/.local/lib/python3.12/site-packages/airflow/models/dagbag.py", line 351, in parse
    loader.exec_module(new_module)
  File "<frozen importlib._bootstrap_external>", line 995, in exec_module
  File "<frozen importlib._bootstrap>", line 488, in _call_with_frames_removed
  File "/opt/airflow/dags/parse_kurs_kz.py", line 5, in <module>
    from selenium import webdriver
ModuleNotFoundError: No module named 'selenium'
[2024-07-17T12:51:47.615+0000] {processor.py:842} WARNING - No viable dags retrieved from /opt/airflow/dags/parse_kurs_kz.py
[2024-07-17T12:51:47.634+0000] {processor.py:183} INFO - Processing /opt/airflow/dags/parse_kurs_kz.py took 0.230 seconds
