[2024-07-17T12:49:46.186+0000] {processor.py:161} INFO - Started process (PID=89) to work on /opt/airflow/dags/welcome_dag.py
[2024-07-17T12:49:46.186+0000] {processor.py:830} INFO - Processing file /opt/airflow/dags/welcome_dag.py for tasks to queue
[2024-07-17T12:49:46.187+0000] {logging_mixin.py:188} INFO - [2024-07-17T12:49:46.187+0000] {dagbag.py:545} INFO - Filling up the DagBag from /opt/airflow/dags/welcome_dag.py
[2024-07-17T12:49:46.207+0000] {processor.py:840} INFO - DAG(s) 'welcome_dag' retrieved from /opt/airflow/dags/welcome_dag.py
[2024-07-17T12:49:46.306+0000] {logging_mixin.py:188} INFO - [2024-07-17T12:49:46.306+0000] {override.py:1858} INFO - Created Permission View: can read on DAG:welcome_dag
[2024-07-17T12:49:46.327+0000] {logging_mixin.py:188} INFO - [2024-07-17T12:49:46.326+0000] {override.py:1858} INFO - Created Permission View: can delete on DAG:welcome_dag
[2024-07-17T12:49:46.345+0000] {logging_mixin.py:188} INFO - [2024-07-17T12:49:46.345+0000] {override.py:1858} INFO - Created Permission View: can edit on DAG:welcome_dag
[2024-07-17T12:49:46.345+0000] {logging_mixin.py:188} INFO - [2024-07-17T12:49:46.345+0000] {dag.py:3089} INFO - Sync 1 DAGs
[2024-07-17T12:49:46.357+0000] {logging_mixin.py:188} INFO - [2024-07-17T12:49:46.357+0000] {dag.py:3111} INFO - Creating ORM DAG for welcome_dag
[2024-07-17T12:49:46.366+0000] {logging_mixin.py:188} INFO - [2024-07-17T12:49:46.366+0000] {dag.py:3947} INFO - Setting next_dagrun for welcome_dag to 2024-07-16 23:00:00+00:00, run_after=2024-07-17 23:00:00+00:00
[2024-07-17T12:49:46.402+0000] {processor.py:183} INFO - Processing /opt/airflow/dags/welcome_dag.py took 0.219 seconds
[2024-07-17T12:50:16.611+0000] {processor.py:161} INFO - Started process (PID=91) to work on /opt/airflow/dags/welcome_dag.py
[2024-07-17T12:50:16.612+0000] {processor.py:830} INFO - Processing file /opt/airflow/dags/welcome_dag.py for tasks to queue
[2024-07-17T12:50:16.613+0000] {logging_mixin.py:188} INFO - [2024-07-17T12:50:16.612+0000] {dagbag.py:545} INFO - Filling up the DagBag from /opt/airflow/dags/welcome_dag.py
[2024-07-17T12:50:16.626+0000] {processor.py:840} INFO - DAG(s) 'welcome_dag' retrieved from /opt/airflow/dags/welcome_dag.py
[2024-07-17T12:50:16.645+0000] {logging_mixin.py:188} INFO - [2024-07-17T12:50:16.645+0000] {dag.py:3089} INFO - Sync 1 DAGs
[2024-07-17T12:50:16.661+0000] {logging_mixin.py:188} INFO - [2024-07-17T12:50:16.661+0000] {dag.py:3947} INFO - Setting next_dagrun for welcome_dag to 2024-07-16 23:00:00+00:00, run_after=2024-07-17 23:00:00+00:00
[2024-07-17T12:50:16.694+0000] {processor.py:183} INFO - Processing /opt/airflow/dags/welcome_dag.py took 0.086 seconds
[2024-07-17T12:50:46.836+0000] {processor.py:161} INFO - Started process (PID=93) to work on /opt/airflow/dags/welcome_dag.py
[2024-07-17T12:50:46.836+0000] {processor.py:830} INFO - Processing file /opt/airflow/dags/welcome_dag.py for tasks to queue
[2024-07-17T12:50:46.837+0000] {logging_mixin.py:188} INFO - [2024-07-17T12:50:46.837+0000] {dagbag.py:545} INFO - Filling up the DagBag from /opt/airflow/dags/welcome_dag.py
[2024-07-17T12:50:46.852+0000] {processor.py:840} INFO - DAG(s) 'welcome_dag' retrieved from /opt/airflow/dags/welcome_dag.py
[2024-07-17T12:50:46.872+0000] {logging_mixin.py:188} INFO - [2024-07-17T12:50:46.872+0000] {dag.py:3089} INFO - Sync 1 DAGs
[2024-07-17T12:50:46.891+0000] {logging_mixin.py:188} INFO - [2024-07-17T12:50:46.890+0000] {dag.py:3947} INFO - Setting next_dagrun for welcome_dag to 2024-07-16 23:00:00+00:00, run_after=2024-07-17 23:00:00+00:00
[2024-07-17T12:50:46.928+0000] {processor.py:183} INFO - Processing /opt/airflow/dags/welcome_dag.py took 0.096 seconds
[2024-07-17T12:51:17.391+0000] {processor.py:161} INFO - Started process (PID=98) to work on /opt/airflow/dags/welcome_dag.py
[2024-07-17T12:51:17.391+0000] {processor.py:830} INFO - Processing file /opt/airflow/dags/welcome_dag.py for tasks to queue
[2024-07-17T12:51:17.393+0000] {logging_mixin.py:188} INFO - [2024-07-17T12:51:17.392+0000] {dagbag.py:545} INFO - Filling up the DagBag from /opt/airflow/dags/welcome_dag.py
[2024-07-17T12:51:17.408+0000] {processor.py:840} INFO - DAG(s) 'welcome_dag' retrieved from /opt/airflow/dags/welcome_dag.py
[2024-07-17T12:51:17.429+0000] {logging_mixin.py:188} INFO - [2024-07-17T12:51:17.429+0000] {dag.py:3089} INFO - Sync 1 DAGs
[2024-07-17T12:51:17.444+0000] {logging_mixin.py:188} INFO - [2024-07-17T12:51:17.444+0000] {dag.py:3947} INFO - Setting next_dagrun for welcome_dag to 2024-07-16 23:00:00+00:00, run_after=2024-07-17 23:00:00+00:00
[2024-07-17T12:51:17.479+0000] {processor.py:183} INFO - Processing /opt/airflow/dags/welcome_dag.py took 0.092 seconds
[2024-07-17T12:51:48.775+0000] {processor.py:161} INFO - Started process (PID=101) to work on /opt/airflow/dags/welcome_dag.py
[2024-07-17T12:51:48.776+0000] {processor.py:830} INFO - Processing file /opt/airflow/dags/welcome_dag.py for tasks to queue
[2024-07-17T12:51:48.777+0000] {logging_mixin.py:188} INFO - [2024-07-17T12:51:48.777+0000] {dagbag.py:545} INFO - Filling up the DagBag from /opt/airflow/dags/welcome_dag.py
[2024-07-17T12:51:48.791+0000] {processor.py:840} INFO - DAG(s) 'welcome_dag' retrieved from /opt/airflow/dags/welcome_dag.py
[2024-07-17T12:51:48.809+0000] {logging_mixin.py:188} INFO - [2024-07-17T12:51:48.809+0000] {dag.py:3089} INFO - Sync 1 DAGs
[2024-07-17T12:51:48.825+0000] {logging_mixin.py:188} INFO - [2024-07-17T12:51:48.825+0000] {dag.py:3947} INFO - Setting next_dagrun for welcome_dag to 2024-07-16 23:00:00+00:00, run_after=2024-07-17 23:00:00+00:00
[2024-07-17T12:51:48.859+0000] {processor.py:183} INFO - Processing /opt/airflow/dags/welcome_dag.py took 0.087 seconds
[2024-07-17T12:52:18.944+0000] {processor.py:161} INFO - Started process (PID=102) to work on /opt/airflow/dags/welcome_dag.py
[2024-07-17T12:52:18.944+0000] {processor.py:830} INFO - Processing file /opt/airflow/dags/welcome_dag.py for tasks to queue
[2024-07-17T12:52:18.945+0000] {logging_mixin.py:188} INFO - [2024-07-17T12:52:18.945+0000] {dagbag.py:545} INFO - Filling up the DagBag from /opt/airflow/dags/welcome_dag.py
[2024-07-17T12:52:18.959+0000] {processor.py:840} INFO - DAG(s) 'welcome_dag' retrieved from /opt/airflow/dags/welcome_dag.py
[2024-07-17T12:52:18.978+0000] {logging_mixin.py:188} INFO - [2024-07-17T12:52:18.978+0000] {dag.py:3089} INFO - Sync 1 DAGs
[2024-07-17T12:52:18.993+0000] {logging_mixin.py:188} INFO - [2024-07-17T12:52:18.993+0000] {dag.py:3947} INFO - Setting next_dagrun for welcome_dag to 2024-07-16 23:00:00+00:00, run_after=2024-07-17 23:00:00+00:00
[2024-07-17T12:52:19.028+0000] {processor.py:183} INFO - Processing /opt/airflow/dags/welcome_dag.py took 0.087 seconds
[2024-07-17T12:52:49.119+0000] {processor.py:161} INFO - Started process (PID=103) to work on /opt/airflow/dags/welcome_dag.py
[2024-07-17T12:52:49.119+0000] {processor.py:830} INFO - Processing file /opt/airflow/dags/welcome_dag.py for tasks to queue
[2024-07-17T12:52:49.120+0000] {logging_mixin.py:188} INFO - [2024-07-17T12:52:49.120+0000] {dagbag.py:545} INFO - Filling up the DagBag from /opt/airflow/dags/welcome_dag.py
[2024-07-17T12:52:49.138+0000] {processor.py:840} INFO - DAG(s) 'welcome_dag' retrieved from /opt/airflow/dags/welcome_dag.py
[2024-07-17T12:52:49.158+0000] {logging_mixin.py:188} INFO - [2024-07-17T12:52:49.158+0000] {dag.py:3089} INFO - Sync 1 DAGs
[2024-07-17T12:52:49.175+0000] {logging_mixin.py:188} INFO - [2024-07-17T12:52:49.175+0000] {dag.py:3947} INFO - Setting next_dagrun for welcome_dag to 2024-07-16 23:00:00+00:00, run_after=2024-07-17 23:00:00+00:00
[2024-07-17T12:52:49.243+0000] {processor.py:183} INFO - Processing /opt/airflow/dags/welcome_dag.py took 0.128 seconds
[2024-07-17T12:53:20.338+0000] {processor.py:161} INFO - Started process (PID=104) to work on /opt/airflow/dags/welcome_dag.py
[2024-07-17T12:53:20.339+0000] {processor.py:830} INFO - Processing file /opt/airflow/dags/welcome_dag.py for tasks to queue
[2024-07-17T12:53:20.339+0000] {logging_mixin.py:188} INFO - [2024-07-17T12:53:20.339+0000] {dagbag.py:545} INFO - Filling up the DagBag from /opt/airflow/dags/welcome_dag.py
[2024-07-17T12:53:20.353+0000] {processor.py:840} INFO - DAG(s) 'welcome_dag' retrieved from /opt/airflow/dags/welcome_dag.py
[2024-07-17T12:53:20.372+0000] {logging_mixin.py:188} INFO - [2024-07-17T12:53:20.372+0000] {dag.py:3089} INFO - Sync 1 DAGs
[2024-07-17T12:53:20.387+0000] {logging_mixin.py:188} INFO - [2024-07-17T12:53:20.387+0000] {dag.py:3947} INFO - Setting next_dagrun for welcome_dag to 2024-07-16 23:00:00+00:00, run_after=2024-07-17 23:00:00+00:00
[2024-07-17T12:53:20.429+0000] {processor.py:183} INFO - Processing /opt/airflow/dags/welcome_dag.py took 0.094 seconds
[2024-07-17T12:53:50.515+0000] {processor.py:161} INFO - Started process (PID=105) to work on /opt/airflow/dags/welcome_dag.py
[2024-07-17T12:53:50.516+0000] {processor.py:830} INFO - Processing file /opt/airflow/dags/welcome_dag.py for tasks to queue
[2024-07-17T12:53:50.516+0000] {logging_mixin.py:188} INFO - [2024-07-17T12:53:50.516+0000] {dagbag.py:545} INFO - Filling up the DagBag from /opt/airflow/dags/welcome_dag.py
[2024-07-17T12:53:50.530+0000] {processor.py:840} INFO - DAG(s) 'welcome_dag' retrieved from /opt/airflow/dags/welcome_dag.py
[2024-07-17T12:53:50.549+0000] {logging_mixin.py:188} INFO - [2024-07-17T12:53:50.549+0000] {dag.py:3089} INFO - Sync 1 DAGs
[2024-07-17T12:53:50.565+0000] {logging_mixin.py:188} INFO - [2024-07-17T12:53:50.565+0000] {dag.py:3947} INFO - Setting next_dagrun for welcome_dag to 2024-07-16 23:00:00+00:00, run_after=2024-07-17 23:00:00+00:00
[2024-07-17T12:53:50.609+0000] {processor.py:183} INFO - Processing /opt/airflow/dags/welcome_dag.py took 0.097 seconds
[2024-07-17T12:54:20.859+0000] {processor.py:161} INFO - Started process (PID=106) to work on /opt/airflow/dags/welcome_dag.py
[2024-07-17T12:54:20.860+0000] {processor.py:830} INFO - Processing file /opt/airflow/dags/welcome_dag.py for tasks to queue
[2024-07-17T12:54:20.860+0000] {logging_mixin.py:188} INFO - [2024-07-17T12:54:20.860+0000] {dagbag.py:545} INFO - Filling up the DagBag from /opt/airflow/dags/welcome_dag.py
[2024-07-17T12:54:20.875+0000] {processor.py:840} INFO - DAG(s) 'welcome_dag' retrieved from /opt/airflow/dags/welcome_dag.py
[2024-07-17T12:54:20.894+0000] {logging_mixin.py:188} INFO - [2024-07-17T12:54:20.894+0000] {dag.py:3089} INFO - Sync 1 DAGs
[2024-07-17T12:54:20.909+0000] {logging_mixin.py:188} INFO - [2024-07-17T12:54:20.909+0000] {dag.py:3947} INFO - Setting next_dagrun for welcome_dag to 2024-07-16 23:00:00+00:00, run_after=2024-07-17 23:00:00+00:00
[2024-07-17T12:54:20.953+0000] {processor.py:183} INFO - Processing /opt/airflow/dags/welcome_dag.py took 0.097 seconds
[2024-07-17T12:54:51.651+0000] {processor.py:161} INFO - Started process (PID=111) to work on /opt/airflow/dags/welcome_dag.py
[2024-07-17T12:54:51.652+0000] {processor.py:830} INFO - Processing file /opt/airflow/dags/welcome_dag.py for tasks to queue
[2024-07-17T12:54:51.653+0000] {logging_mixin.py:188} INFO - [2024-07-17T12:54:51.652+0000] {dagbag.py:545} INFO - Filling up the DagBag from /opt/airflow/dags/welcome_dag.py
[2024-07-17T12:54:51.668+0000] {processor.py:840} INFO - DAG(s) 'welcome_dag' retrieved from /opt/airflow/dags/welcome_dag.py
[2024-07-17T12:54:51.688+0000] {logging_mixin.py:188} INFO - [2024-07-17T12:54:51.688+0000] {dag.py:3089} INFO - Sync 1 DAGs
[2024-07-17T12:54:51.704+0000] {logging_mixin.py:188} INFO - [2024-07-17T12:54:51.704+0000] {dag.py:3947} INFO - Setting next_dagrun for welcome_dag to 2024-07-16 23:00:00+00:00, run_after=2024-07-17 23:00:00+00:00
[2024-07-17T12:54:51.739+0000] {processor.py:183} INFO - Processing /opt/airflow/dags/welcome_dag.py took 0.091 seconds
[2024-07-17T12:55:22.223+0000] {processor.py:161} INFO - Started process (PID=114) to work on /opt/airflow/dags/welcome_dag.py
[2024-07-17T12:55:22.224+0000] {processor.py:830} INFO - Processing file /opt/airflow/dags/welcome_dag.py for tasks to queue
[2024-07-17T12:55:22.225+0000] {logging_mixin.py:188} INFO - [2024-07-17T12:55:22.224+0000] {dagbag.py:545} INFO - Filling up the DagBag from /opt/airflow/dags/welcome_dag.py
[2024-07-17T12:55:22.241+0000] {processor.py:840} INFO - DAG(s) 'welcome_dag' retrieved from /opt/airflow/dags/welcome_dag.py
[2024-07-17T12:55:22.262+0000] {logging_mixin.py:188} INFO - [2024-07-17T12:55:22.262+0000] {dag.py:3089} INFO - Sync 1 DAGs
[2024-07-17T12:55:22.276+0000] {logging_mixin.py:188} INFO - [2024-07-17T12:55:22.276+0000] {dag.py:3947} INFO - Setting next_dagrun for welcome_dag to 2024-07-16 23:00:00+00:00, run_after=2024-07-17 23:00:00+00:00
[2024-07-17T12:55:22.309+0000] {processor.py:183} INFO - Processing /opt/airflow/dags/welcome_dag.py took 0.088 seconds
[2024-07-17T12:55:52.594+0000] {processor.py:161} INFO - Started process (PID=117) to work on /opt/airflow/dags/welcome_dag.py
[2024-07-17T12:55:52.594+0000] {processor.py:830} INFO - Processing file /opt/airflow/dags/welcome_dag.py for tasks to queue
[2024-07-17T12:55:52.595+0000] {logging_mixin.py:188} INFO - [2024-07-17T12:55:52.594+0000] {dagbag.py:545} INFO - Filling up the DagBag from /opt/airflow/dags/welcome_dag.py
[2024-07-17T12:55:52.609+0000] {processor.py:840} INFO - DAG(s) 'welcome_dag' retrieved from /opt/airflow/dags/welcome_dag.py
[2024-07-17T12:55:52.627+0000] {logging_mixin.py:188} INFO - [2024-07-17T12:55:52.627+0000] {dag.py:3089} INFO - Sync 1 DAGs
[2024-07-17T12:55:52.642+0000] {logging_mixin.py:188} INFO - [2024-07-17T12:55:52.642+0000] {dag.py:3947} INFO - Setting next_dagrun for welcome_dag to 2024-07-16 23:00:00+00:00, run_after=2024-07-17 23:00:00+00:00
[2024-07-17T12:55:52.677+0000] {processor.py:183} INFO - Processing /opt/airflow/dags/welcome_dag.py took 0.087 seconds
[2024-07-17T12:56:23.058+0000] {processor.py:161} INFO - Started process (PID=120) to work on /opt/airflow/dags/welcome_dag.py
[2024-07-17T12:56:23.059+0000] {processor.py:830} INFO - Processing file /opt/airflow/dags/welcome_dag.py for tasks to queue
[2024-07-17T12:56:23.059+0000] {logging_mixin.py:188} INFO - [2024-07-17T12:56:23.059+0000] {dagbag.py:545} INFO - Filling up the DagBag from /opt/airflow/dags/welcome_dag.py
[2024-07-17T12:56:23.073+0000] {processor.py:840} INFO - DAG(s) 'welcome_dag' retrieved from /opt/airflow/dags/welcome_dag.py
[2024-07-17T12:56:23.091+0000] {logging_mixin.py:188} INFO - [2024-07-17T12:56:23.090+0000] {dag.py:3089} INFO - Sync 1 DAGs
[2024-07-17T12:56:23.105+0000] {logging_mixin.py:188} INFO - [2024-07-17T12:56:23.105+0000] {dag.py:3947} INFO - Setting next_dagrun for welcome_dag to 2024-07-16 23:00:00+00:00, run_after=2024-07-17 23:00:00+00:00
[2024-07-17T12:56:23.139+0000] {processor.py:183} INFO - Processing /opt/airflow/dags/welcome_dag.py took 0.083 seconds
[2024-07-17T12:56:53.509+0000] {processor.py:161} INFO - Started process (PID=123) to work on /opt/airflow/dags/welcome_dag.py
[2024-07-17T12:56:53.509+0000] {processor.py:830} INFO - Processing file /opt/airflow/dags/welcome_dag.py for tasks to queue
[2024-07-17T12:56:53.510+0000] {logging_mixin.py:188} INFO - [2024-07-17T12:56:53.510+0000] {dagbag.py:545} INFO - Filling up the DagBag from /opt/airflow/dags/welcome_dag.py
[2024-07-17T12:56:53.524+0000] {processor.py:840} INFO - DAG(s) 'welcome_dag' retrieved from /opt/airflow/dags/welcome_dag.py
[2024-07-17T12:56:53.543+0000] {logging_mixin.py:188} INFO - [2024-07-17T12:56:53.542+0000] {dag.py:3089} INFO - Sync 1 DAGs
[2024-07-17T12:56:53.558+0000] {logging_mixin.py:188} INFO - [2024-07-17T12:56:53.558+0000] {dag.py:3947} INFO - Setting next_dagrun for welcome_dag to 2024-07-16 23:00:00+00:00, run_after=2024-07-17 23:00:00+00:00
[2024-07-17T12:56:53.603+0000] {processor.py:183} INFO - Processing /opt/airflow/dags/welcome_dag.py took 0.098 seconds
[2024-07-17T12:57:23.965+0000] {processor.py:161} INFO - Started process (PID=126) to work on /opt/airflow/dags/welcome_dag.py
[2024-07-17T12:57:23.966+0000] {processor.py:830} INFO - Processing file /opt/airflow/dags/welcome_dag.py for tasks to queue
[2024-07-17T12:57:23.966+0000] {logging_mixin.py:188} INFO - [2024-07-17T12:57:23.966+0000] {dagbag.py:545} INFO - Filling up the DagBag from /opt/airflow/dags/welcome_dag.py
[2024-07-17T12:57:23.980+0000] {processor.py:840} INFO - DAG(s) 'welcome_dag' retrieved from /opt/airflow/dags/welcome_dag.py
[2024-07-17T12:57:23.999+0000] {logging_mixin.py:188} INFO - [2024-07-17T12:57:23.999+0000] {dag.py:3089} INFO - Sync 1 DAGs
[2024-07-17T12:57:24.014+0000] {logging_mixin.py:188} INFO - [2024-07-17T12:57:24.014+0000] {dag.py:3947} INFO - Setting next_dagrun for welcome_dag to 2024-07-16 23:00:00+00:00, run_after=2024-07-17 23:00:00+00:00
[2024-07-17T12:57:24.050+0000] {processor.py:183} INFO - Processing /opt/airflow/dags/welcome_dag.py took 0.088 seconds
[2024-07-17T12:57:54.367+0000] {processor.py:161} INFO - Started process (PID=129) to work on /opt/airflow/dags/welcome_dag.py
[2024-07-17T12:57:54.368+0000] {processor.py:830} INFO - Processing file /opt/airflow/dags/welcome_dag.py for tasks to queue
[2024-07-17T12:57:54.368+0000] {logging_mixin.py:188} INFO - [2024-07-17T12:57:54.368+0000] {dagbag.py:545} INFO - Filling up the DagBag from /opt/airflow/dags/welcome_dag.py
[2024-07-17T12:57:54.384+0000] {processor.py:840} INFO - DAG(s) 'welcome_dag' retrieved from /opt/airflow/dags/welcome_dag.py
[2024-07-17T12:57:54.404+0000] {logging_mixin.py:188} INFO - [2024-07-17T12:57:54.404+0000] {dag.py:3089} INFO - Sync 1 DAGs
[2024-07-17T12:57:54.420+0000] {logging_mixin.py:188} INFO - [2024-07-17T12:57:54.419+0000] {dag.py:3947} INFO - Setting next_dagrun for welcome_dag to 2024-07-16 23:00:00+00:00, run_after=2024-07-17 23:00:00+00:00
[2024-07-17T12:57:54.465+0000] {processor.py:183} INFO - Processing /opt/airflow/dags/welcome_dag.py took 0.101 seconds
[2024-07-17T12:58:24.836+0000] {processor.py:161} INFO - Started process (PID=132) to work on /opt/airflow/dags/welcome_dag.py
[2024-07-17T12:58:24.836+0000] {processor.py:830} INFO - Processing file /opt/airflow/dags/welcome_dag.py for tasks to queue
[2024-07-17T12:58:24.837+0000] {logging_mixin.py:188} INFO - [2024-07-17T12:58:24.836+0000] {dagbag.py:545} INFO - Filling up the DagBag from /opt/airflow/dags/welcome_dag.py
[2024-07-17T12:58:24.851+0000] {processor.py:840} INFO - DAG(s) 'welcome_dag' retrieved from /opt/airflow/dags/welcome_dag.py
[2024-07-17T12:58:24.870+0000] {logging_mixin.py:188} INFO - [2024-07-17T12:58:24.870+0000] {dag.py:3089} INFO - Sync 1 DAGs
[2024-07-17T12:58:24.886+0000] {logging_mixin.py:188} INFO - [2024-07-17T12:58:24.886+0000] {dag.py:3947} INFO - Setting next_dagrun for welcome_dag to 2024-07-16 23:00:00+00:00, run_after=2024-07-17 23:00:00+00:00
[2024-07-17T12:58:24.931+0000] {processor.py:183} INFO - Processing /opt/airflow/dags/welcome_dag.py took 0.099 seconds
[2024-07-17T12:58:55.307+0000] {processor.py:161} INFO - Started process (PID=135) to work on /opt/airflow/dags/welcome_dag.py
[2024-07-17T12:58:55.308+0000] {processor.py:830} INFO - Processing file /opt/airflow/dags/welcome_dag.py for tasks to queue
[2024-07-17T12:58:55.308+0000] {logging_mixin.py:188} INFO - [2024-07-17T12:58:55.308+0000] {dagbag.py:545} INFO - Filling up the DagBag from /opt/airflow/dags/welcome_dag.py
[2024-07-17T12:58:55.322+0000] {processor.py:840} INFO - DAG(s) 'welcome_dag' retrieved from /opt/airflow/dags/welcome_dag.py
[2024-07-17T12:58:55.341+0000] {logging_mixin.py:188} INFO - [2024-07-17T12:58:55.340+0000] {dag.py:3089} INFO - Sync 1 DAGs
[2024-07-17T12:58:55.355+0000] {logging_mixin.py:188} INFO - [2024-07-17T12:58:55.355+0000] {dag.py:3947} INFO - Setting next_dagrun for welcome_dag to 2024-07-16 23:00:00+00:00, run_after=2024-07-17 23:00:00+00:00
[2024-07-17T12:58:55.390+0000] {processor.py:183} INFO - Processing /opt/airflow/dags/welcome_dag.py took 0.086 seconds
[2024-07-17T12:59:25.797+0000] {processor.py:161} INFO - Started process (PID=138) to work on /opt/airflow/dags/welcome_dag.py
[2024-07-17T12:59:25.797+0000] {processor.py:830} INFO - Processing file /opt/airflow/dags/welcome_dag.py for tasks to queue
[2024-07-17T12:59:25.798+0000] {logging_mixin.py:188} INFO - [2024-07-17T12:59:25.798+0000] {dagbag.py:545} INFO - Filling up the DagBag from /opt/airflow/dags/welcome_dag.py
[2024-07-17T12:59:25.813+0000] {processor.py:840} INFO - DAG(s) 'welcome_dag' retrieved from /opt/airflow/dags/welcome_dag.py
[2024-07-17T12:59:25.831+0000] {logging_mixin.py:188} INFO - [2024-07-17T12:59:25.831+0000] {dag.py:3089} INFO - Sync 1 DAGs
[2024-07-17T12:59:25.846+0000] {logging_mixin.py:188} INFO - [2024-07-17T12:59:25.846+0000] {dag.py:3947} INFO - Setting next_dagrun for welcome_dag to 2024-07-16 23:00:00+00:00, run_after=2024-07-17 23:00:00+00:00
[2024-07-17T12:59:25.881+0000] {processor.py:183} INFO - Processing /opt/airflow/dags/welcome_dag.py took 0.087 seconds
[2024-07-17T12:59:56.253+0000] {processor.py:161} INFO - Started process (PID=141) to work on /opt/airflow/dags/welcome_dag.py
[2024-07-17T12:59:56.253+0000] {processor.py:830} INFO - Processing file /opt/airflow/dags/welcome_dag.py for tasks to queue
[2024-07-17T12:59:56.254+0000] {logging_mixin.py:188} INFO - [2024-07-17T12:59:56.254+0000] {dagbag.py:545} INFO - Filling up the DagBag from /opt/airflow/dags/welcome_dag.py
[2024-07-17T12:59:56.270+0000] {processor.py:840} INFO - DAG(s) 'welcome_dag' retrieved from /opt/airflow/dags/welcome_dag.py
[2024-07-17T12:59:56.289+0000] {logging_mixin.py:188} INFO - [2024-07-17T12:59:56.289+0000] {dag.py:3089} INFO - Sync 1 DAGs
[2024-07-17T12:59:56.305+0000] {logging_mixin.py:188} INFO - [2024-07-17T12:59:56.305+0000] {dag.py:3947} INFO - Setting next_dagrun for welcome_dag to 2024-07-16 23:00:00+00:00, run_after=2024-07-17 23:00:00+00:00
[2024-07-17T12:59:56.345+0000] {processor.py:183} INFO - Processing /opt/airflow/dags/welcome_dag.py took 0.095 seconds
[2024-07-17T13:00:26.729+0000] {processor.py:161} INFO - Started process (PID=144) to work on /opt/airflow/dags/welcome_dag.py
[2024-07-17T13:00:26.730+0000] {processor.py:830} INFO - Processing file /opt/airflow/dags/welcome_dag.py for tasks to queue
[2024-07-17T13:00:26.731+0000] {logging_mixin.py:188} INFO - [2024-07-17T13:00:26.730+0000] {dagbag.py:545} INFO - Filling up the DagBag from /opt/airflow/dags/welcome_dag.py
[2024-07-17T13:00:26.745+0000] {processor.py:840} INFO - DAG(s) 'welcome_dag' retrieved from /opt/airflow/dags/welcome_dag.py
[2024-07-17T13:00:26.765+0000] {logging_mixin.py:188} INFO - [2024-07-17T13:00:26.765+0000] {dag.py:3089} INFO - Sync 1 DAGs
[2024-07-17T13:00:26.783+0000] {logging_mixin.py:188} INFO - [2024-07-17T13:00:26.782+0000] {dag.py:3947} INFO - Setting next_dagrun for welcome_dag to 2024-07-16 23:00:00+00:00, run_after=2024-07-17 23:00:00+00:00
[2024-07-17T13:00:26.819+0000] {processor.py:183} INFO - Processing /opt/airflow/dags/welcome_dag.py took 0.093 seconds
[2024-07-17T13:00:57.194+0000] {processor.py:161} INFO - Started process (PID=147) to work on /opt/airflow/dags/welcome_dag.py
[2024-07-17T13:00:57.194+0000] {processor.py:830} INFO - Processing file /opt/airflow/dags/welcome_dag.py for tasks to queue
[2024-07-17T13:00:57.195+0000] {logging_mixin.py:188} INFO - [2024-07-17T13:00:57.195+0000] {dagbag.py:545} INFO - Filling up the DagBag from /opt/airflow/dags/welcome_dag.py
[2024-07-17T13:00:57.209+0000] {processor.py:840} INFO - DAG(s) 'welcome_dag' retrieved from /opt/airflow/dags/welcome_dag.py
[2024-07-17T13:00:57.228+0000] {logging_mixin.py:188} INFO - [2024-07-17T13:00:57.228+0000] {dag.py:3089} INFO - Sync 1 DAGs
[2024-07-17T13:00:57.243+0000] {logging_mixin.py:188} INFO - [2024-07-17T13:00:57.242+0000] {dag.py:3947} INFO - Setting next_dagrun for welcome_dag to 2024-07-16 23:00:00+00:00, run_after=2024-07-17 23:00:00+00:00
[2024-07-17T13:00:57.281+0000] {processor.py:183} INFO - Processing /opt/airflow/dags/welcome_dag.py took 0.091 seconds
[2024-07-17T13:01:27.665+0000] {processor.py:161} INFO - Started process (PID=150) to work on /opt/airflow/dags/welcome_dag.py
[2024-07-17T13:01:27.666+0000] {processor.py:830} INFO - Processing file /opt/airflow/dags/welcome_dag.py for tasks to queue
[2024-07-17T13:01:27.667+0000] {logging_mixin.py:188} INFO - [2024-07-17T13:01:27.666+0000] {dagbag.py:545} INFO - Filling up the DagBag from /opt/airflow/dags/welcome_dag.py
[2024-07-17T13:01:27.681+0000] {processor.py:840} INFO - DAG(s) 'welcome_dag' retrieved from /opt/airflow/dags/welcome_dag.py
[2024-07-17T13:01:27.700+0000] {logging_mixin.py:188} INFO - [2024-07-17T13:01:27.700+0000] {dag.py:3089} INFO - Sync 1 DAGs
[2024-07-17T13:01:27.715+0000] {logging_mixin.py:188} INFO - [2024-07-17T13:01:27.715+0000] {dag.py:3947} INFO - Setting next_dagrun for welcome_dag to 2024-07-16 23:00:00+00:00, run_after=2024-07-17 23:00:00+00:00
[2024-07-17T13:01:27.758+0000] {processor.py:183} INFO - Processing /opt/airflow/dags/welcome_dag.py took 0.096 seconds
[2024-07-17T13:01:58.123+0000] {processor.py:161} INFO - Started process (PID=153) to work on /opt/airflow/dags/welcome_dag.py
[2024-07-17T13:01:58.124+0000] {processor.py:830} INFO - Processing file /opt/airflow/dags/welcome_dag.py for tasks to queue
[2024-07-17T13:01:58.125+0000] {logging_mixin.py:188} INFO - [2024-07-17T13:01:58.124+0000] {dagbag.py:545} INFO - Filling up the DagBag from /opt/airflow/dags/welcome_dag.py
[2024-07-17T13:01:58.140+0000] {processor.py:840} INFO - DAG(s) 'welcome_dag' retrieved from /opt/airflow/dags/welcome_dag.py
[2024-07-17T13:01:58.161+0000] {logging_mixin.py:188} INFO - [2024-07-17T13:01:58.161+0000] {dag.py:3089} INFO - Sync 1 DAGs
[2024-07-17T13:01:58.178+0000] {logging_mixin.py:188} INFO - [2024-07-17T13:01:58.177+0000] {dag.py:3947} INFO - Setting next_dagrun for welcome_dag to 2024-07-16 23:00:00+00:00, run_after=2024-07-17 23:00:00+00:00
[2024-07-17T13:01:58.224+0000] {processor.py:183} INFO - Processing /opt/airflow/dags/welcome_dag.py took 0.104 seconds
[2024-07-17T13:02:28.563+0000] {processor.py:161} INFO - Started process (PID=156) to work on /opt/airflow/dags/welcome_dag.py
[2024-07-17T13:02:28.564+0000] {processor.py:830} INFO - Processing file /opt/airflow/dags/welcome_dag.py for tasks to queue
[2024-07-17T13:02:28.565+0000] {logging_mixin.py:188} INFO - [2024-07-17T13:02:28.564+0000] {dagbag.py:545} INFO - Filling up the DagBag from /opt/airflow/dags/welcome_dag.py
[2024-07-17T13:02:28.579+0000] {processor.py:840} INFO - DAG(s) 'welcome_dag' retrieved from /opt/airflow/dags/welcome_dag.py
[2024-07-17T13:02:28.597+0000] {logging_mixin.py:188} INFO - [2024-07-17T13:02:28.597+0000] {dag.py:3089} INFO - Sync 1 DAGs
[2024-07-17T13:02:28.612+0000] {logging_mixin.py:188} INFO - [2024-07-17T13:02:28.611+0000] {dag.py:3947} INFO - Setting next_dagrun for welcome_dag to 2024-07-16 23:00:00+00:00, run_after=2024-07-17 23:00:00+00:00
[2024-07-17T13:02:28.646+0000] {processor.py:183} INFO - Processing /opt/airflow/dags/welcome_dag.py took 0.086 seconds
[2024-07-17T13:02:59.040+0000] {processor.py:161} INFO - Started process (PID=159) to work on /opt/airflow/dags/welcome_dag.py
[2024-07-17T13:02:59.040+0000] {processor.py:830} INFO - Processing file /opt/airflow/dags/welcome_dag.py for tasks to queue
[2024-07-17T13:02:59.041+0000] {logging_mixin.py:188} INFO - [2024-07-17T13:02:59.040+0000] {dagbag.py:545} INFO - Filling up the DagBag from /opt/airflow/dags/welcome_dag.py
[2024-07-17T13:02:59.056+0000] {processor.py:840} INFO - DAG(s) 'welcome_dag' retrieved from /opt/airflow/dags/welcome_dag.py
[2024-07-17T13:02:59.075+0000] {logging_mixin.py:188} INFO - [2024-07-17T13:02:59.074+0000] {dag.py:3089} INFO - Sync 1 DAGs
[2024-07-17T13:02:59.090+0000] {logging_mixin.py:188} INFO - [2024-07-17T13:02:59.090+0000] {dag.py:3947} INFO - Setting next_dagrun for welcome_dag to 2024-07-16 23:00:00+00:00, run_after=2024-07-17 23:00:00+00:00
[2024-07-17T13:02:59.135+0000] {processor.py:183} INFO - Processing /opt/airflow/dags/welcome_dag.py took 0.098 seconds
[2024-07-17T13:03:29.486+0000] {processor.py:161} INFO - Started process (PID=162) to work on /opt/airflow/dags/welcome_dag.py
[2024-07-17T13:03:29.487+0000] {processor.py:830} INFO - Processing file /opt/airflow/dags/welcome_dag.py for tasks to queue
[2024-07-17T13:03:29.487+0000] {logging_mixin.py:188} INFO - [2024-07-17T13:03:29.487+0000] {dagbag.py:545} INFO - Filling up the DagBag from /opt/airflow/dags/welcome_dag.py
[2024-07-17T13:03:29.502+0000] {processor.py:840} INFO - DAG(s) 'welcome_dag' retrieved from /opt/airflow/dags/welcome_dag.py
[2024-07-17T13:03:29.521+0000] {logging_mixin.py:188} INFO - [2024-07-17T13:03:29.521+0000] {dag.py:3089} INFO - Sync 1 DAGs
[2024-07-17T13:03:29.538+0000] {logging_mixin.py:188} INFO - [2024-07-17T13:03:29.538+0000] {dag.py:3947} INFO - Setting next_dagrun for welcome_dag to 2024-07-16 23:00:00+00:00, run_after=2024-07-17 23:00:00+00:00
[2024-07-17T13:03:29.581+0000] {processor.py:183} INFO - Processing /opt/airflow/dags/welcome_dag.py took 0.098 seconds
[2024-07-17T13:03:59.945+0000] {processor.py:161} INFO - Started process (PID=165) to work on /opt/airflow/dags/welcome_dag.py
[2024-07-17T13:03:59.946+0000] {processor.py:830} INFO - Processing file /opt/airflow/dags/welcome_dag.py for tasks to queue
[2024-07-17T13:03:59.946+0000] {logging_mixin.py:188} INFO - [2024-07-17T13:03:59.946+0000] {dagbag.py:545} INFO - Filling up the DagBag from /opt/airflow/dags/welcome_dag.py
[2024-07-17T13:03:59.960+0000] {processor.py:840} INFO - DAG(s) 'welcome_dag' retrieved from /opt/airflow/dags/welcome_dag.py
[2024-07-17T13:03:59.979+0000] {logging_mixin.py:188} INFO - [2024-07-17T13:03:59.979+0000] {dag.py:3089} INFO - Sync 1 DAGs
[2024-07-17T13:03:59.994+0000] {logging_mixin.py:188} INFO - [2024-07-17T13:03:59.993+0000] {dag.py:3947} INFO - Setting next_dagrun for welcome_dag to 2024-07-16 23:00:00+00:00, run_after=2024-07-17 23:00:00+00:00
[2024-07-17T13:04:00.036+0000] {processor.py:183} INFO - Processing /opt/airflow/dags/welcome_dag.py took 0.094 seconds
[2024-07-17T13:04:30.427+0000] {processor.py:161} INFO - Started process (PID=168) to work on /opt/airflow/dags/welcome_dag.py
[2024-07-17T13:04:30.428+0000] {processor.py:830} INFO - Processing file /opt/airflow/dags/welcome_dag.py for tasks to queue
[2024-07-17T13:04:30.428+0000] {logging_mixin.py:188} INFO - [2024-07-17T13:04:30.428+0000] {dagbag.py:545} INFO - Filling up the DagBag from /opt/airflow/dags/welcome_dag.py
[2024-07-17T13:04:30.443+0000] {processor.py:840} INFO - DAG(s) 'welcome_dag' retrieved from /opt/airflow/dags/welcome_dag.py
[2024-07-17T13:04:30.461+0000] {logging_mixin.py:188} INFO - [2024-07-17T13:04:30.461+0000] {dag.py:3089} INFO - Sync 1 DAGs
[2024-07-17T13:04:30.476+0000] {logging_mixin.py:188} INFO - [2024-07-17T13:04:30.476+0000] {dag.py:3947} INFO - Setting next_dagrun for welcome_dag to 2024-07-16 23:00:00+00:00, run_after=2024-07-17 23:00:00+00:00
[2024-07-17T13:04:30.518+0000] {processor.py:183} INFO - Processing /opt/airflow/dags/welcome_dag.py took 0.094 seconds
[2024-07-17T13:05:00.892+0000] {processor.py:161} INFO - Started process (PID=171) to work on /opt/airflow/dags/welcome_dag.py
[2024-07-17T13:05:00.892+0000] {processor.py:830} INFO - Processing file /opt/airflow/dags/welcome_dag.py for tasks to queue
[2024-07-17T13:05:00.893+0000] {logging_mixin.py:188} INFO - [2024-07-17T13:05:00.893+0000] {dagbag.py:545} INFO - Filling up the DagBag from /opt/airflow/dags/welcome_dag.py
[2024-07-17T13:05:00.908+0000] {processor.py:840} INFO - DAG(s) 'welcome_dag' retrieved from /opt/airflow/dags/welcome_dag.py
[2024-07-17T13:05:00.927+0000] {logging_mixin.py:188} INFO - [2024-07-17T13:05:00.926+0000] {dag.py:3089} INFO - Sync 1 DAGs
[2024-07-17T13:05:00.942+0000] {logging_mixin.py:188} INFO - [2024-07-17T13:05:00.942+0000] {dag.py:3947} INFO - Setting next_dagrun for welcome_dag to 2024-07-16 23:00:00+00:00, run_after=2024-07-17 23:00:00+00:00
[2024-07-17T13:05:00.985+0000] {processor.py:183} INFO - Processing /opt/airflow/dags/welcome_dag.py took 0.096 seconds
